./parser test/test1.txt /root/Lab/Code/test.out


FUNCTION fact :
PARAM n
IF n == #1 GOTO label1

FUNCTION fact :
varAlive: 

PARAM n
varAlive: n, 

IF n == #1 GOTO label1
varAlive: n, 
var n 2 


GOTO label2

GOTO label2
varAlive: 


LABEL label1 :
RETURN n

LABEL label1 :
varAlive: n, 

RETURN n
varAlive: n, 
var n 1 


GOTO label3

GOTO label3
varAlive: 


LABEL label2 :
tmp10 := n - #1

LABEL label2 :
varAlive: n, 

tmp10 := n - #1
varAlive: 10, n, 
var 10 
var n 1 


ARG tmp10
tmp8 := CALL fact

ARG tmp10
varAlive: 10, 

tmp8 := CALL fact
varAlive: 10, 8, 
var 10 0 
var 8 


tmp6 := n * tmp8
RETURN tmp6

tmp6 := n * tmp8
varAlive: 8, 6, n, 

RETURN tmp6
varAlive: 8, n, 
var 8 0 
var 6 1 
var n 0 


LABEL label3 :

LABEL label3 :
varAlive: 


FUNCTION main :
READ tmp15
m := tmp15
IF m > #1 GOTO label4

FUNCTION main :
varAlive: 15, 

READ tmp15
varAlive: 15, 

m := tmp15
varAlive: m, 

IF m > #1 GOTO label4
varAlive: m, 
var m 3 
var 15 2 1 


GOTO label5

GOTO label5
varAlive: 


LABEL label4 :

LABEL label4 :
varAlive: 


ARG m
tmp21 := CALL fact

ARG m
varAlive: m, 

tmp21 := CALL fact
varAlive: 21, m, 
var 21 
var m 0 


result := tmp21
GOTO label6

result := tmp21
varAlive: result, 21, 

GOTO label6
varAlive: result, 21, 
var result 
var 21 0 


LABEL label5 :
result := #1

LABEL label5 :
varAlive: 

result := #1
varAlive: result, 
var result 


LABEL label6 :
WRITE result
tmp28 := #0
RETURN #0

LABEL label6 :
varAlive: 

WRITE result
varAlive: result, 

tmp28 := #0
varAlive: result, 

RETURN #0
varAlive: result, 
var result 
var 28 
