#define gen_Program(x) void Program##x(TreeNode* rt)
#define call_Program(x) Program##x(rt)
#define gen_ExtDefList(x) void ExtDefList##x(TreeNode* rt)
#define call_ExtDefList(x) ExtDefList##x(rt)
#define gen_ExtDef(x) void ExtDef##x(TreeNode* rt)
#define call_ExtDef(x) ExtDef##x(rt)
#define gen_ExtDecList(x) void ExtDecList##x(TreeNode* rt)
#define call_ExtDecList(x) ExtDecList##x(rt)
#define gen_Specifier(x) void Specifier##x(TreeNode* rt)
#define call_Specifier(x) Specifier##x(rt)
#define gen_StructSpecifier(x) void StructSpecifier##x(TreeNode* rt)
#define call_StructSpecifier(x) StructSpecifier##x(rt)
#define gen_OptTag(x) void OptTag##x(TreeNode* rt)
#define call_OptTag(x) OptTag##x(rt)
#define gen_Tag(x) void Tag##x(TreeNode* rt)
#define call_Tag(x) Tag##x(rt)
#define gen_VarDec(x) void VarDec##x(TreeNode* rt)
#define call_VarDec(x) VarDec##x(rt)
#define gen_FunDec(x) void FunDec##x(TreeNode* rt)
#define call_FunDec(x) FunDec##x(rt)
#define gen_VarList(x) void VarList##x(TreeNode* rt)
#define call_VarList(x) VarList##x(rt)
#define gen_ParamDec(x) void ParamDec##x(TreeNode* rt)
#define call_ParamDec(x) ParamDec##x(rt)
#define gen_Compst(x) void Compst##x(TreeNode* rt)
#define call_Compst(x) Compst##x(rt)
#define gen_StmtList(x) void StmtList##x(TreeNode* rt)
#define call_StmtList(x) StmtList##x(rt)
#define gen_Stmt(x) void Stmt##x(TreeNode* rt)
#define call_Stmt(x) Stmt##x(rt)
#define gen_DefList(x) void DefList##x(TreeNode* rt)
#define call_DefList(x) DefList##x(rt)
#define gen_Def(x) void Def##x(TreeNode* rt)
#define call_Def(x) Def##x(rt)
#define gen_DecList(x) void DecList##x(TreeNode* rt)
#define call_DecList(x) DecList##x(rt)
#define gen_Dec(x) void Dec##x(TreeNode* rt)
#define call_Dec(x) Dec##x(rt)
#define gen_Exp(x) void Exp##x(TreeNode* rt)
#define call_Exp(x) Exp##x(rt)
#define gen_Args(x) void Args##x(TreeNode* rt)
#define call_Args(x) Args##x(rt)
static gen_Program(0);
static gen_Program(1);
static gen_ExtDefList(0);
static gen_ExtDefList(1);
static gen_ExtDefList(2);
static gen_ExtDef(0);
static gen_ExtDef(1);
static gen_ExtDef(2);
static gen_ExtDef(3);
static gen_ExtDecList(0);
static gen_ExtDecList(1);
static gen_ExtDecList(2);
static gen_Specifier(0);
static gen_Specifier(1);
static gen_Specifier(2);
static gen_StructSpecifier(0);
static gen_StructSpecifier(1);
static gen_StructSpecifier(2);
static gen_OptTag(0);
static gen_OptTag(1);
static gen_OptTag(2);
static gen_Tag(0);
static gen_Tag(1);
static gen_VarDec(0);
static gen_VarDec(1);
static gen_VarDec(2);
static gen_FunDec(0);
static gen_FunDec(1);
static gen_FunDec(2);
static gen_VarList(0);
static gen_VarList(1);
static gen_VarList(2);
static gen_ParamDec(0);
static gen_ParamDec(1);
static gen_ParamDec(2);
static gen_Compst(0);
static gen_Compst(1);
static gen_StmtList(0);
static gen_StmtList(1);
static gen_StmtList(2);
static gen_Stmt(0);
static gen_Stmt(1);
static gen_Stmt(2);
static gen_Stmt(3);
static gen_Stmt(4);
static gen_Stmt(5);
static gen_Stmt(6);
static gen_DefList(0);
static gen_DefList(1);
static gen_DefList(2);
static gen_Def(0);
static gen_Def(1);
static gen_DecList(0);
static gen_DecList(1);
static gen_DecList(2);
static gen_Dec(0);
static gen_Dec(1);
static gen_Dec(2);
static gen_Exp(0);
static gen_Exp(1);
static gen_Exp(2);
static gen_Exp(3);
static gen_Exp(4);
static gen_Exp(5);
static gen_Exp(6);
static gen_Exp(7);
static gen_Exp(8);
static gen_Exp(9);
static gen_Exp(10);
static gen_Exp(11);
static gen_Exp(12);
static gen_Exp(13);
static gen_Exp(14);
static gen_Exp(15);
static gen_Exp(16);
static gen_Exp(17);
static gen_Exp(18);
static gen_Args(0);
static gen_Args(1);
static gen_Args(2);
gen_Program(0) { 
	 switch(rt->no) {
		case 1: call_Program(1); break; 
	}
}

gen_Program(1) { 

}

gen_ExtDefList(0) { 
	 switch(rt->no) {
		case 1: call_ExtDefList(1); break; 
		case 2: call_ExtDefList(2); break; 
	}
}

gen_ExtDefList(1) { 

}

gen_ExtDefList(2) { 

}

gen_ExtDef(0) { 
	 switch(rt->no) {
		case 1: call_ExtDef(1); break; 
		case 2: call_ExtDef(2); break; 
		case 3: call_ExtDef(3); break; 
	}
}

gen_ExtDef(1) { 

}

gen_ExtDef(2) { 

}

gen_ExtDef(3) { 

}

gen_ExtDecList(0) { 
	 switch(rt->no) {
		case 1: call_ExtDecList(1); break; 
		case 2: call_ExtDecList(2); break; 
	}
}

gen_ExtDecList(1) { 

}

gen_ExtDecList(2) { 

}

gen_Specifier(0) { 
	 switch(rt->no) {
		case 1: call_Specifier(1); break; 
		case 2: call_Specifier(2); break; 
	}
}

gen_Specifier(1) { 

}

gen_Specifier(2) { 

}

gen_StructSpecifier(0) { 
	 switch(rt->no) {
		case 1: call_StructSpecifier(1); break; 
		case 2: call_StructSpecifier(2); break; 
	}
}

gen_StructSpecifier(1) { 

}

gen_StructSpecifier(2) { 

}

gen_OptTag(0) { 
	 switch(rt->no) {
		case 1: call_OptTag(1); break; 
		case 2: call_OptTag(2); break; 
	}
}

gen_OptTag(1) { 

}

gen_OptTag(2) { 

}

gen_Tag(0) { 
	 switch(rt->no) {
		case 1: call_Tag(1); break; 
	}
}

gen_Tag(1) { 

}

gen_VarDec(0) { 
	 switch(rt->no) {
		case 1: call_VarDec(1); break; 
		case 2: call_VarDec(2); break; 
	}
}

gen_VarDec(1) { 

}

gen_VarDec(2) { 

}

gen_FunDec(0) { 
	 switch(rt->no) {
		case 1: call_FunDec(1); break; 
		case 2: call_FunDec(2); break; 
	}
}

gen_FunDec(1) { 

}

gen_FunDec(2) { 

}

gen_VarList(0) { 
	 switch(rt->no) {
		case 1: call_VarList(1); break; 
		case 2: call_VarList(2); break; 
	}
}

gen_VarList(1) { 

}

gen_VarList(2) { 

}

gen_ParamDec(0) { 
	 switch(rt->no) {
		case 1: call_ParamDec(1); break; 
		case 2: call_ParamDec(2); break; 
	}
}

gen_ParamDec(1) { 

}

gen_ParamDec(2) { 

}

gen_Compst(0) { 
	 switch(rt->no) {
		case 1: call_Compst(1); break; 
	}
}

gen_Compst(1) { 

}

gen_StmtList(0) { 
	 switch(rt->no) {
		case 1: call_StmtList(1); break; 
		case 2: call_StmtList(2); break; 
	}
}

gen_StmtList(1) { 

}

gen_StmtList(2) { 

}

gen_Stmt(0) { 
	 switch(rt->no) {
		case 1: call_Stmt(1); break; 
		case 2: call_Stmt(2); break; 
		case 3: call_Stmt(3); break; 
		case 4: call_Stmt(4); break; 
		case 5: call_Stmt(5); break; 
		case 6: call_Stmt(6); break; 
	}
}

gen_Stmt(1) { 

}

gen_Stmt(2) { 

}

gen_Stmt(3) { 

}

gen_Stmt(4) { 

}

gen_Stmt(5) { 

}

gen_Stmt(6) { 

}

gen_DefList(0) { 
	 switch(rt->no) {
		case 1: call_DefList(1); break; 
		case 2: call_DefList(2); break; 
	}
}

gen_DefList(1) { 

}

gen_DefList(2) { 

}

gen_Def(0) { 
	 switch(rt->no) {
		case 1: call_Def(1); break; 
	}
}

gen_Def(1) { 

}

gen_DecList(0) { 
	 switch(rt->no) {
		case 1: call_DecList(1); break; 
		case 2: call_DecList(2); break; 
	}
}

gen_DecList(1) { 

}

gen_DecList(2) { 

}

gen_Dec(0) { 
	 switch(rt->no) {
		case 1: call_Dec(1); break; 
		case 2: call_Dec(2); break; 
	}
}

gen_Dec(1) { 

}

gen_Dec(2) { 

}

gen_Exp(0) { 
	 switch(rt->no) {
		case 1: call_Exp(1); break; 
		case 2: call_Exp(2); break; 
		case 3: call_Exp(3); break; 
		case 4: call_Exp(4); break; 
		case 5: call_Exp(5); break; 
		case 6: call_Exp(6); break; 
		case 7: call_Exp(7); break; 
		case 8: call_Exp(8); break; 
		case 9: call_Exp(9); break; 
		case 10: call_Exp(10); break; 
		case 11: call_Exp(11); break; 
		case 12: call_Exp(12); break; 
		case 13: call_Exp(13); break; 
		case 14: call_Exp(14); break; 
		case 15: call_Exp(15); break; 
		case 16: call_Exp(16); break; 
		case 17: call_Exp(17); break; 
		case 18: call_Exp(18); break; 
	}
}

gen_Exp(1) { 

}

gen_Exp(2) { 

}

gen_Exp(3) { 

}

gen_Exp(4) { 

}

gen_Exp(5) { 

}

gen_Exp(6) { 

}

gen_Exp(7) { 

}

gen_Exp(8) { 

}

gen_Exp(9) { 

}

gen_Exp(10) { 

}

gen_Exp(11) { 

}

gen_Exp(12) { 

}

gen_Exp(13) { 

}

gen_Exp(14) { 

}

gen_Exp(15) { 

}

gen_Exp(16) { 

}

gen_Exp(17) { 

}

gen_Exp(18) { 

}

gen_Args(0) { 
	 switch(rt->no) {
		case 1: call_Args(1); break; 
		case 2: call_Args(2); break; 
	}
}

gen_Args(1) { 

}

gen_Args(2) { 

}

