make --dry-run --always-make --keep-going --print-directory
make: Entering directory '/root/Lab/Code'
flex -o ./frontEnd/lex.yy.c ./frontEnd/lexical.l
bison -o ./frontEnd/syntax.tab.c -d -v -t ./frontEnd/syntax.y
gcc -c ./frontEnd/syntax.tab.c -o ./frontEnd/syntax.tab.o
gcc -std=c99 -g  -O0   -c -o ir/ir.o ir/ir.c
gcc -std=c99 -g  -O0   -c -o ir/irOptimization.o ir/irOptimization.c
gcc -std=c99 -g  -O0   -c -o ir/irUtils.o ir/irUtils.c
gcc -std=c99 -g  -O0   -c -o utils/syntaxTree/tree.o utils/syntaxTree/tree.c
gcc -std=c99 -g  -O0   -c -o utils/map/map.o utils/map/map.c
gcc -std=c99 -g  -O0   -c -o utils/list/list.o utils/list/list.c
gcc -std=c99 -g  -O0   -c -o frontEnd/syntax.tab.o frontEnd/syntax.tab.c
gcc -std=c99 -g  -O0   -c -o objcode/bitmap.o objcode/bitmap.c
gcc -std=c99 -g  -O0   -c -o objcode/obj.o objcode/obj.c
gcc -std=c99 -g  -O0   -c -o objcode/heap.o objcode/heap.c
gcc -std=c99 -g  -O0   -c -o objcode/set.o objcode/set.c
gcc -std=c99 -g  -O0   -c -o objcode/objUtil.o objcode/objUtil.c
gcc -std=c99 -g  -O0   -c -o objcode/graph.o objcode/graph.c
gcc -std=c99 -g  -O0   -c -o main.o main.c
gcc -std=c99 -g  -O0   -c -o sdt/sdt.o sdt/sdt.c
gcc -o parser ./ir/ir.o ./ir/irOptimization.o ./ir/irUtils.o ./utils/syntaxTree/tree.o ./utils/map/map.o ./utils/list/list.o ./frontEnd/syntax.tab.o ./objcode/bitmap.o ./objcode/obj.o ./objcode/heap.o ./objcode/set.o ./objcode/objUtil.o ./objcode/graph.o ./main.o ./sdt/sdt.o -lfl -ly
make: Leaving directory '/root/Lab/Code'
 
