make all --print-data-base --no-builtin-variables --no-builtin-rules --question
make: *** No rule to make target 'all'.  Stop.

# GNU Make 4.1
# Built for x86_64-pc-linux-gnu
# Copyright (C) 1988-2014 Free Software Foundation, Inc.
# License GPLv3+: GNU GPL version 3 or later <http://gnu.org/licenses/gpl.html>
# This is free software: you are free to change and redistribute it.
# There is NO WARRANTY, to the extent permitted by law.

# Make data base, printed on Mon May 30 09:00:44 2022

# Variables

# automatic
<D = $(patsubst %/,%,$(dir $<))
# makefile (from 'Makefile', line 14)
YFILE = $(shell find ./ -name "*.y")
# automatic
?F = $(notdir $?)
# default
.SHELLFLAGS := -c
# environment
VSCODE_AGENT_FOLDER = /root/.vscode-server
# environment
VSCODE_LOG_NATIVE = false
# automatic
?D = $(patsubst %/,%,$(dir $?))
# automatic
@D = $(patsubst %/,%,$(dir $@))
# automatic
@F = $(notdir $@)
# makefile
CURDIR := /root/Lab/Code
# makefile
SHELL = /bin/sh
# environment
VSCODE_NLS_CONFIG = {"locale":"zh-cn","availableLanguages":{"*":"zh-cn"},"_languagePackId":"42e84e0914b17800d483f69e299e1b00.zh-cn","_translationsConfigFile":"/root/.vscode-server/data/clp/42e84e0914b17800d483f69e299e1b00.zh-cn/tcf.json","_cacheRoot":"/root/.vscode-server/data/clp/42e84e0914b17800d483f69e299e1b00.zh-cn","_resolvedLanguagePackCoreLocation":"/root/.vscode-server/data/clp/42e84e0914b17800d483f69e299e1b00.zh-cn/e18005f0f1b33c29e81d732535d8c0e47cafb0b5","_corruptedFile":"/root/.vscode-server/data/clp/42e84e0914b17800d483f69e299e1b00.zh-cn/corrupted.info","_languagePackSupport":true}
# environment
_ = /bin/cat
# makefile (from 'Makefile', line 8)
CFLAGS = -std=c99 -g $(d)
# makefile (from 'Makefile', line 1)
MAKEFILE_LIST :=  Makefile
# 'override' directive
GNUMAKEFLAGS := 
# environment
VSCODE_VERBOSE_LOGGING = true
# makefile (from 'Makefile', line 11)
CFILES = $(shell find ./ -name "*.c")
# makefile (from 'Makefile', line 13)
LFILE = $(shell find ./ -name "*.l")
# makefile (from 'Makefile', line 12)
OBJS = $(CFILES:.c=.o)
# environment
VSCODE_CWD = /root/.vscode-server/bin/e18005f0f1b33c29e81d732535d8c0e47cafb0b5
# default
MAKE_HOST := x86_64-pc-linux-gnu
# environment
PATH = /root/.vscode-server/bin/e18005f0f1b33c29e81d732535d8c0e47cafb0b5/bin/remote-cli:/usr/local/sbin:/usr/local/bin:/usr/sbin:/usr/bin:/sbin:/bin
# environment
VSCODE_LOG_STACK = false
# makefile (from 'Makefile', line 16)
YFC = $(shell find ./ -name "*.y" | sed s/[^/]*\\.y/syntax.tab.c/)
# default
.FEATURES := target-specific order-only second-expansion else-if shortest-stem undefine oneshell archives jobserver output-sync check-symlink load
# makefile (from 'Makefile', line 15)
LFC = $(shell find ./ -name "*.l" | sed s/[^/]*\\.l/lex.yy.c/)
# environment
SSH_AUTH_SOCK = /tmp/vscode-ssh-auth-6e60f904b14a0e484509ea4de4b36f547e9e9e8d.sock
# automatic
%F = $(notdir $%)
# environment
VSCODE_PIPE_LOGGING = true
# environment
PWD = /root/Lab/Code
# environment
VSCODE_IPC_HOOK_CLI = /tmp/vscode-ipc-1cb8b49f-d005-4e2b-9a7c-f6cdace28310.sock
# environment
VSCODE_AMD_ENTRYPOINT = vs/workbench/api/node/extensionHostProcess
# environment
HOME = /root
# environment
REMOTE_CONTAINERS = true
# environment
APPLICATION_INSIGHTS_NO_DIAGNOSTIC_CHANNEL = true
# automatic
+F = $(notdir $+)
# environment
VSCODE_HANDLES_UNCAUGHT_ERRORS = true
# automatic
^D = $(patsubst %/,%,$(dir $^))
# environment
HOSTNAME = 49efa04c5ab7
# environment
MAKELEVEL := 0
# default
MAKE = $(MAKE_COMMAND)
# default
MAKECMDGOALS := all
# environment
SHLVL = 1
# makefile (from 'Makefile', line 5)
CC = gcc
# default
MAKE_VERSION := 4.1
# makefile
.DEFAULT_GOAL := parser
# makefile (from 'Makefile', line 18)
YFO = $(YFC:.c=.o)
# automatic
%D = $(patsubst %/,%,$(dir $%))
# makefile (from 'Makefile', line 7)
BISON = bison
# environment
REMOTE_CONTAINERS_IPC = /tmp/vscode-remote-containers-ipc-6e60f904b14a0e484509ea4de4b36f547e9e9e8d.sock
# default
MAKE_COMMAND := make
# default
.VARIABLES := 
# automatic
*F = $(notdir $*)
# makefile (from 'Makefile', line 6)
FLEX = flex
# makefile
MAKEFLAGS = pqrR
# environment
MFLAGS = -pqrR
# automatic
*D = $(patsubst %/,%,$(dir $*))
# automatic
+D = $(patsubst %/,%,$(dir $+))
# environment
BROWSER = /root/.vscode-server/bin/e18005f0f1b33c29e81d732535d8c0e47cafb0b5/bin/helpers/browser.sh
# default
MAKEFILES := 
# automatic
<F = $(notdir $<)
# makefile (from 'Makefile', line 17)
LFO = $(LFC:.c=.o)
# environment
LC_ALL = C
# automatic
^F = $(notdir $^)
# default
SUFFIXES := 
# environment
REMOTE_CONTAINERS_SOCKETS = ["/tmp/vscode-ssh-auth-6e60f904b14a0e484509ea4de4b36f547e9e9e8d.sock"]
# default
.INCLUDE_DIRS = /usr/include /usr/local/include /usr/include
# default
.RECIPEPREFIX := 
# environment
LANG = C
# environment
VSCODE_EXTHOST_WILL_SEND_SOCKET = true
# variable set hash-table stats:
# Load=71/1024=7%, Rehash=0, Collisions=8/119=7%

# Pattern-specific Variable Values

# No pattern-specific variable values.

# Directories

# . (device 2064, inode 170253): 18 files, no impossibilities.

# 18 files, no impossibilities in 1 directories.

# Implicit Rules

# No implicit rules.

# Files

# Not a target:
utils/list/list.o:
#  Implicit rule search has not been done.
#  Modification time never checked.
#  File has not been updated.

tryF:
#  Implicit rule search has not been done.
#  Modification time never checked.
#  File has not been updated.
#  recipe to execute (from 'Makefile', line 35):
	@flex lexicalTry.l && g++ lex.yy.c -lfl -o lex && ./lex test.txt

# Not a target:
utils/map/map.d:
#  Implicit rule search has been done.
#  File does not exist.
#  File has been updated.
#  Failed to be updated.

# Not a target:
all:
#  Command line target.
#  Implicit rule search has been done.
#  File does not exist.
#  File has not been updated.

.PHONY: clean test testB
#  Implicit rule search has not been done.
#  Modification time never checked.
#  File has not been updated.

# Not a target:
ir/ir.d:
#  Implicit rule search has been done.
#  File does not exist.
#  File has been updated.
#  Failed to be updated.

syntax-c: frontEnd/syntax.y
#  Implicit rule search has not been done.
#  Modification time never checked.
#  File has not been updated.
#  recipe to execute (from 'Makefile', line 30):
	$(BISON) -o $(YFC) -d -v -t $(YFILE)

# Not a target:
ir/irUtils.o:
#  Implicit rule search has not been done.
#  Modification time never checked.
#  File has not been updated.

# Not a target:
sdt/sdt.o:
#  Implicit rule search has not been done.
#  Modification time never checked.
#  File has not been updated.

# Not a target:
frontEnd/lexical.l:
#  Implicit rule search has not been done.
#  Modification time never checked.
#  File has not been updated.

# Not a target:
ir/irOptimization.d:
#  Implicit rule search has been done.
#  File does not exist.
#  File has been updated.
#  Failed to be updated.

# Not a target:
Makefile:
#  Implicit rule search has been done.
#  Last modified 2022-05-13 14:03:21.493470647
#  File has been updated.
#  Successfully updated.

test:
#  Phony target (prerequisite of .PHONY).
#  Implicit rule search has not been done.
#  File does not exist.
#  File has not been updated.
#  recipe to execute (from 'Makefile', line 46):
	./parser ../Test/tests/A-1.cmm ./test/test.ir

# Not a target:
utils/syntaxTree/tree.d:
#  Implicit rule search has been done.
#  File does not exist.
#  File has been updated.
#  Failed to be updated.

# Not a target:
utils/map/map.o:
#  Implicit rule search has not been done.
#  Modification time never checked.
#  File has not been updated.

# Not a target:
frontEnd/lex.yy.d:
#  Implicit rule search has been done.
#  File does not exist.
#  File has been updated.
#  Failed to be updated.

# Not a target:
ir/ir.o:
#  Implicit rule search has not been done.
#  Modification time never checked.
#  File has not been updated.

# Not a target:
ir/irOptimization.o:
#  Implicit rule search has not been done.
#  Modification time never checked.
#  File has not been updated.

# Not a target:
main.d:
#  Implicit rule search has been done.
#  File does not exist.
#  File has been updated.
#  Failed to be updated.

parser: syntax ir/ir.o ir/irOptimization.o ir/irUtils.o utils/syntaxTree/tree.o utils/map/map.o utils/list/list.o frontEnd/syntax.tab.o main.o sdt/sdt.o
#  Implicit rule search has not been done.
#  Modification time never checked.
#  File has not been updated.
#  recipe to execute (from 'Makefile', line 21):
	$(CC) -o parser $(filter-out $(LFO),$(OBJS)) -lfl -ly

# Not a target:
.DEFAULT:
#  Implicit rule search has not been done.
#  Modification time never checked.
#  File has not been updated.

# Not a target:
frontEnd/syntax.y:
 
#  Implicit rule search has not been done.
#  Modification time never checked.
#  File has not been updated.

# Not a target:
frontEnd/syntax.tab.d:
#  Implicit rule search has been done.
#  File does not exist.
#  File has been updated.
#  Failed to be updated.

# Not a target:
utils/syntaxTree/tree.o:
#  Implicit rule search has not been done.
#  Modification time never checked.
#  File has not been updated.

clean:
#  Phony target (prerequisite of .PHONY).
#  Implicit rule search has not been done.
#  File does not exist.
#  File has not been updated.
#  recipe to execute (from 'Makefile', line 51):
	rm -f parser lex.yy.c syntax.tab.c syntax.tab.h syntax.output
	rm -f $(OBJS) $(OBJS:.o=.d)
	rm -f $(LFC) $(YFC) $(YFC:.c=.h)
	rm -f *~

# Not a target:
utils/list/list.d:
#  Implicit rule search has been done.
#  File does not exist.
#  File has been updated.
#  Failed to be updated.

testB:
#  Phony target (prerequisite of .PHONY).
#  Implicit rule search has not been done.
#  File does not exist.
#  File has not been updated.
#  recipe to execute (from 'Makefile', line 41):
	./parser test.txt

lexical: frontEnd/lexical.l
#  Implicit rule search has not been done.
#  Modification time never checked.
#  File has not been updated.
#  recipe to execute (from 'Makefile', line 27):
	$(FLEX) -o $(LFC) $(LFILE)

syntax: lexical syntax-c
#  Implicit rule search has not been done.
#  Modification time never checked.
#  File has not been updated.
#  recipe to execute (from 'Makefile', line 24):
	$(CC) -c $(YFC) -o $(YFO)

# Not a target:
main.o:
#  Implicit rule search has not been done.
#  Modification time never checked.
#  File has not been updated.

# Not a target:
ir/irUtils.d:
#  Implicit rule search has been done.
#  File does not exist.
#  File has been updated.
#  Failed to be updated.

# Not a target:
sdt/sdt.d:
#  Implicit rule search has been done.
#  File does not exist.
#  File has been updated.
#  Failed to be updated.

testFile:
#  Implicit rule search has not been done.
#  Modification time never checked.
#  File has not been updated.
#  recipe to execute (from 'Makefile', line 49):
	./parser ./test/test1.txt test.ir

# Not a target:
frontEnd/syntax.tab.o:
#  Implicit rule search has not been done.
#  Modification time never checked.
#  File has not been updated.

tryB:
#  Implicit rule search has not been done.
#  Modification time never checked.
#  File has not been updated.
#  recipe to execute (from 'Makefile', line 38):
	cd ../backup && flex -o lexTry.yy.c lexicalTry.l && bison -d -t syntax1.y && gcc syntax1.tab.c -lfl -ly -o parser && ./parser ../Code/test.txt

# files hash-table stats:
# Load=36/1024=4%, Rehash=0, Collisions=0/78=0%
# VPATH Search Paths

# No 'vpath' search paths.

# No general ('VPATH' variable) search path.

# strcache buffers: 1 (0) / strings = 52 / storage = 560 B / avg = 10 B
# current buf: size = 8162 B / used = 560 B / count = 52 / avg = 10 B

# strcache performance: lookups = 86 / hit rate = 39%
# hash-table stats:
# Load=52/8192=1%, Rehash=0, Collisions=1/86=1%
# Finished Make data base on Mon May 30 09:00:44 2022

 
